<?xml version="1.0" encoding="UTF-8"?>
<testsuite xmlns:xsi="http://www.w3.org/2001/XMLSchema-instance" xsi:noNamespaceSchemaLocation="https://maven.apache.org/surefire/maven-surefire-plugin/xsd/surefire-test-report-3.0.xsd" version="3.0" name="org.example.CalculatorTest" time="0.051" tests="2" errors="0" skipped="0" failures="0">
  <properties>
    <property name="java.specification.version" value="24"/>
    <property name="sun.cpu.isalist" value="amd64"/>
    <property name="sun.jnu.encoding" value="Cp1252"/>
    <property name="java.class.path" value="D:\WEEK2-hands-on\TDD using JUnit5 and Mockito\1_JUnit_Basic Testing Exercises\Exercise 1 Setting Up JUnit\setting_up_junit\target\test-classes;D:\WEEK2-hands-on\TDD using JUnit5 and Mockito\1_JUnit_Basic Testing Exercises\Exercise 1 Setting Up JUnit\setting_up_junit\target\classes;C:\Users\kgmr1\.m2\repository\junit\junit\4.13.2\junit-4.13.2.jar;C:\Users\kgmr1\.m2\repository\org\hamcrest\hamcrest-core\1.3\hamcrest-core-1.3.jar;"/>
    <property name="java.vm.vendor" value="Oracle Corporation"/>
    <property name="sun.arch.data.model" value="64"/>
    <property name="user.variant" value=""/>
    <property name="java.vendor.url" value="https://java.oracle.com/"/>
    <property name="user.timezone" value="Asia/Calcutta"/>
    <property name="os.name" value="Windows 11"/>
    <property name="java.vm.specification.version" value="24"/>
    <property name="sun.java.launcher" value="SUN_STANDARD"/>
    <property name="user.country" value="IN"/>
    <property name="sun.boot.library.path" value="C:\Program Files\Java\jdk-24\bin"/>
    <property name="sun.java.command" value="C:\Users\kgmr1\AppData\Local\Temp\surefire4895590704208209505\surefirebooter-20250629124440960_3.jar C:\Users\kgmr1\AppData\Local\Temp\surefire4895590704208209505 2025-06-29T12-44-38_760-jvmRun1 surefire-20250629124440960_1tmp surefire_0-20250629124440960_2tmp"/>
    <property name="jdk.debug" value="release"/>
    <property name="surefire.test.class.path" value="D:\WEEK2-hands-on\TDD using JUnit5 and Mockito\1_JUnit_Basic Testing Exercises\Exercise 1 Setting Up JUnit\setting_up_junit\target\test-classes;D:\WEEK2-hands-on\TDD using JUnit5 and Mockito\1_JUnit_Basic Testing Exercises\Exercise 1 Setting Up JUnit\setting_up_junit\target\classes;C:\Users\kgmr1\.m2\repository\junit\junit\4.13.2\junit-4.13.2.jar;C:\Users\kgmr1\.m2\repository\org\hamcrest\hamcrest-core\1.3\hamcrest-core-1.3.jar;"/>
    <property name="sun.cpu.endian" value="little"/>
    <property name="user.home" value="C:\Users\kgmr1"/>
    <property name="user.language" value="en"/>
    <property name="java.specification.vendor" value="Oracle Corporation"/>
    <property name="java.version.date" value="2025-04-15"/>
    <property name="java.home" value="C:\Program Files\Java\jdk-24"/>
    <property name="file.separator" value="\"/>
    <property name="basedir" value="D:\WEEK2-hands-on\TDD using JUnit5 and Mockito\1_JUnit_Basic Testing Exercises\Exercise 1 Setting Up JUnit\setting_up_junit"/>
    <property name="java.vm.compressedOopsMode" value="Zero based"/>
    <property name="line.separator" value="&#10;"/>
    <property name="java.vm.specification.vendor" value="Oracle Corporation"/>
    <property name="java.specification.name" value="Java Platform API Specification"/>
    <property name="surefire.real.class.path" value="C:\Users\kgmr1\AppData\Local\Temp\surefire4895590704208209505\surefirebooter-20250629124440960_3.jar"/>
    <property name="user.script" value=""/>
    <property name="sun.management.compiler" value="HotSpot 64-Bit Tiered Compilers"/>
    <property name="java.runtime.version" value="24.0.1+9-30"/>
    <property name="user.name" value="kgmr1"/>
    <property name="stdout.encoding" value="Cp1252"/>
    <property name="path.separator" value=";"/>
    <property name="os.version" value="10.0"/>
    <property name="java.runtime.name" value="Java(TM) SE Runtime Environment"/>
    <property name="file.encoding" value="UTF-8"/>
    <property name="java.vm.name" value="Java HotSpot(TM) 64-Bit Server VM"/>
    <property name="localRepository" value="C:\Users\kgmr1\.m2\repository"/>
    <property name="java.vendor.url.bug" value="https://bugreport.java.com/bugreport/"/>
    <property name="java.io.tmpdir" value="C:\Users\kgmr1\AppData\Local\Temp\"/>
    <property name="java.version" value="24.0.1"/>
    <property name="user.dir" value="D:\WEEK2-hands-on\TDD using JUnit5 and Mockito\1_JUnit_Basic Testing Exercises\Exercise 1 Setting Up JUnit\setting_up_junit"/>
    <property name="os.arch" value="amd64"/>
    <property name="java.vm.specification.name" value="Java Virtual Machine Specification"/>
    <property name="sun.os.patch.level" value=""/>
    <property name="native.encoding" value="Cp1252"/>
    <property name="java.library.path" value="C:\Program Files\Java\jdk-24\bin;C:\WINDOWS\Sun\Java\bin;C:\WINDOWS\system32;C:\WINDOWS;C:\app\kgmr1\product\21c\dbhomeXE\bin;C:\Python313\Scripts\;C:\Python313\;C:\Program Files\Common Files\Oracle\Java\javapath;C:\WINDOWS\system32;C:\WINDOWS;C:\WINDOWS\System32\Wbem;C:\WINDOWS\System32\WindowsPowerShell\v1.0\;C:\WINDOWS\System32\OpenSSH\;C:\ProgramData\chocolatey\bin;C:\Program Files\Java\jdk-23;C:\Program Files\nodejs\;C:\Program Files\MySQL\MySQL Server 8.0\bin;C:\Users\kgmr1\AppData\Roaming\Python\Python313\Scripts;C:\Program Files\apache-maven-3.9.10\bin;C:\Program Files\MySQL\MySQL Shell 8.0\bin\;C:\Users\kgmr1\AppData\Local\Programs\Python\Python311\Scripts\;C:\Users\kgmr1\AppData\Local\Programs\Python\Python311\;C:\Users\kgmr1\AppData\Local\Microsoft\WindowsApps;C:\Users\kgmr1\AppData\Local\Programs\Microsoft VS Code\bin;C:\flutter\bin;C:\Program Files\Python311\Scripts;C:\Program Files\Java\jdk-17.0.12\bin;C:\Program Files\nodejs\node_modules\npm\bin;C:\Program Files\MongoDB\Server\8.0\bin;C:\Users\kgmr1\AppData\Local\Programs\mongosh\;C:\Users\kgmr1\AppData\Local\Programs\cursor\resources\app\bin;C:\Users\kgmr1\AppData\Roaming\npm;C:\Users\kgmr1\.jdks\openjdk-24\bin;C:\Users\kgmr1\AppData\Local\Programs\Windsurf\bin;;."/>
    <property name="java.vm.info" value="mixed mode, sharing"/>
    <property name="stderr.encoding" value="Cp1252"/>
    <property name="java.vendor" value="Oracle Corporation"/>
    <property name="java.vm.version" value="24.0.1+9-30"/>
    <property name="sun.io.unicode.encoding" value="UnicodeLittle"/>
    <property name="java.class.version" value="68.0"/>
  </properties>
  <testcase name="testAdd" classname="org.example.CalculatorTest" time="0.005"/>
  <testcase name="testSquare" classname="org.example.CalculatorTest" time="0.0"/>
</testsuite>